<?xml version="1.0" encoding="UTF-8"?>
<testsuite xmlns:xsi="http://www.w3.org/2001/XMLSchema-instance" xsi:noNamespaceSchemaLocation="https://maven.apache.org/surefire/maven-surefire-plugin/xsd/surefire-test-report.xsd" version="3.0.2" name="com.keepguard.ms_communication.adapters.in.rest.provider.ProviderControllerTest" time="0.083" tests="22" errors="0" skipped="0" failures="0">
  <properties>
[...]
</properties>
  <testcase name="shouldTestProviderUpdateDTOWithValidData" classname="com.keepguard.ms_communication.adapters.in.rest.provider.ProviderControllerTest" time="0.045"/>
  <testcase name="shouldGetDefaultProviderByCommunicationType" classname="com.keepguard.ms_communication.adapters.in.rest.provider.ProviderControllerTest" time="0.002">
    <system-out><![CDATA[22:54:43.228 [main] INFO  c.k.m.a.i.r.p.ProviderController - Buscando provider padrão por tipo: EMAIL - tenantIdHeader=a917cc3c-ed8b-40ec-a975-75e70429376c
]]></system-out>
  </testcase>
  <testcase name="shouldGetActiveProviders" classname="com.keepguard.ms_communication.adapters.in.rest.provider.ProviderControllerTest" time="0.002">
    <system-out><![CDATA[22:54:43.229 [main] INFO  c.k.m.a.i.r.p.ProviderController - Listando providers ativos - tenantIdHeader=08feaae7-9178-4bc3-ba76-66f7807d4a80
]]></system-out>
  </testcase>
  <testcase name="shouldSetProviderAsDefaultSuccessfully" classname="com.keepguard.ms_communication.adapters.in.rest.provider.ProviderControllerTest" time="0.002">
    <system-out><![CDATA[22:54:43.232 [main] INFO  c.k.m.a.i.r.p.ProviderController - Definindo provider como padrão: cc21a780-91e6-4548-bbc3-771768c2e9fb - tenantIdHeader=b0c8b7ce-85fb-4cad-a1c5-bb7bbe93358d
]]></system-out>
  </testcase>
  <testcase name="shouldHandleDefaultProviderNotFound" classname="com.keepguard.ms_communication.adapters.in.rest.provider.ProviderControllerTest" time="0.001">
    <system-out><![CDATA[22:54:43.234 [main] INFO  c.k.m.a.i.r.p.ProviderController - Buscando provider padrão por tipo: EMAIL - tenantIdHeader=33411d72-38ab-409d-8bb2-8a2937ce732c
]]></system-out>
  </testcase>
  <testcase name="shouldCreateProviderSuccessfully" classname="com.keepguard.ms_communication.adapters.in.rest.provider.ProviderControllerTest" time="0.003">
    <system-out><![CDATA[22:54:43.236 [main] INFO  c.k.m.a.i.r.p.ProviderController - Criando provider - tenantIdHeader=640d70ba-6311-424b-b7f6-d8aec413c813
]]></system-out>
  </testcase>
  <testcase name="shouldHandleProviderNotFoundById" classname="com.keepguard.ms_communication.adapters.in.rest.provider.ProviderControllerTest" time="0.002">
    <system-out><![CDATA[22:54:43.239 [main] INFO  c.k.m.a.i.r.p.ProviderController - Buscando provider por ID: 29e426bc-aac7-44c8-b4b8-c62a9401a8bf - tenantIdHeader=398e125a-2800-4c2a-9f8a-faa8b93b5fbc
]]></system-out>
  </testcase>
  <testcase name="shouldGetProviderTypes" classname="com.keepguard.ms_communication.adapters.in.rest.provider.ProviderControllerTest" time="0.001">
    <system-out><![CDATA[22:54:43.240 [main] INFO  c.k.m.a.i.r.p.ProviderController - Listando tipos de provider - tenantIdHeader=3e0a84a9-b95d-4ceb-b3a2-482410447bce
]]></system-out>
  </testcase>
  <testcase name="shouldTestProviderMapperToCreateResponseDTOWithValidData" classname="com.keepguard.ms_communication.adapters.in.rest.provider.ProviderControllerTest" time="0.001"/>
  <testcase name="shouldUpdateProviderSuccessfully" classname="com.keepguard.ms_communication.adapters.in.rest.provider.ProviderControllerTest" time="0.002">
    <system-out><![CDATA[22:54:43.243 [main] INFO  c.k.m.a.i.r.p.ProviderController - Atualizando provider: 2c085648-0d0c-4259-80b0-dc88800141de - tenantIdHeader=85966622-c4d8-48b1-842b-79c2867b22cb
]]></system-out>
  </testcase>
  <testcase name="shouldDeactivateProviderSuccessfully" classname="com.keepguard.ms_communication.adapters.in.rest.provider.ProviderControllerTest" time="0.001">
    <system-out><![CDATA[22:54:43.245 [main] INFO  c.k.m.a.i.r.p.ProviderController - Desativando provider: c76f516f-b28b-469c-8f69-d59bf0eac450 - tenantIdHeader=8bdd6010-10c1-4dcd-81f2-985fb924c012
]]></system-out>
  </testcase>
  <testcase name="shouldTestProviderResponseDTOWithValidData" classname="com.keepguard.ms_communication.adapters.in.rest.provider.ProviderControllerTest" time="0.001"/>
  <testcase name="shouldGetProviderByIdSuccessfully" classname="com.keepguard.ms_communication.adapters.in.rest.provider.ProviderControllerTest" time="0.001">
    <system-out><![CDATA[22:54:43.248 [main] INFO  c.k.m.a.i.r.p.ProviderController - Buscando provider por ID: 685e18e7-5b17-49ca-bde9-efe38bf0bb57 - tenantIdHeader=67e9b999-2347-4050-ac7f-ec31ed057fe1
]]></system-out>
  </testcase>
  <testcase name="shouldGetProvidersByCommunicationType" classname="com.keepguard.ms_communication.adapters.in.rest.provider.ProviderControllerTest" time="0.002">
    <system-out><![CDATA[22:54:43.249 [main] INFO  c.k.m.a.i.r.p.ProviderController - Listando providers por tipo de comunicação: EMAIL - tenantIdHeader=8a7d8bdc-997a-4dbb-b757-cc41b20cdae1
]]></system-out>
  </testcase>
  <testcase name="shouldTestProviderCreateDTOWithValidData" classname="com.keepguard.ms_communication.adapters.in.rest.provider.ProviderControllerTest" time="0.001"/>
  <testcase name="shouldGetCommunicationTypes" classname="com.keepguard.ms_communication.adapters.in.rest.provider.ProviderControllerTest" time="0.0">
    <system-out><![CDATA[22:54:43.251 [main] INFO  c.k.m.a.i.r.p.ProviderController - Listando tipos de comunicação - tenantIdHeader=9d30d3bd-da75-4f84-93cc-6e8288facfe7
]]></system-out>
  </testcase>
  <testcase name="shouldGetAllProviders" classname="com.keepguard.ms_communication.adapters.in.rest.provider.ProviderControllerTest" time="0.003">
    <system-out><![CDATA[22:54:43.253 [main] INFO  c.k.m.a.i.r.p.ProviderController - Listando todos providers - tenantIdHeader=41b4a7ca-7e29-4b04-9d8d-8e32c2894da5
]]></system-out>
  </testcase>
  <testcase name="shouldDeleteProviderSuccessfully" classname="com.keepguard.ms_communication.adapters.in.rest.provider.ProviderControllerTest" time="0.001">
    <system-out><![CDATA[22:54:43.255 [main] INFO  c.k.m.a.i.r.p.ProviderController - Deletando provider: d1157910-5cb2-4549-af11-72c2e707a58c - tenantIdHeader=9d136069-10ec-4ba5-b1dc-6e152d797a67
]]></system-out>
  </testcase>
  <testcase name="shouldTestProviderMapperToCreateCommandWithValidData" classname="com.keepguard.ms_communication.adapters.in.rest.provider.ProviderControllerTest" time="0.002"/>
  <testcase name="shouldTestProviderMapperToUpdateCommandWithValidData" classname="com.keepguard.ms_communication.adapters.in.rest.provider.ProviderControllerTest" time="0.001"/>
  <testcase name="shouldHandleExceptionsDuringProviderCreation" classname="com.keepguard.ms_communication.adapters.in.rest.provider.ProviderControllerTest" time="0.002">
    <system-out><![CDATA[22:54:43.259 [main] INFO  c.k.m.a.i.r.p.ProviderController - Criando provider - tenantIdHeader=a214540f-4f51-4908-9230-372095b67c1e
]]></system-out>
  </testcase>
  <testcase name="shouldActivateProviderSuccessfully" classname="com.keepguard.ms_communication.adapters.in.rest.provider.ProviderControllerTest" time="0.002">
    <system-out><![CDATA[22:54:43.263 [main] INFO  c.k.m.a.i.r.p.ProviderController - Ativando provider: c9aff684-c36f-4b15-8780-1312dc4f6452 - tenantIdHeader=0b199531-582f-47d2-9a1f-c9c6d54472d3
]]></system-out>
  </testcase>
</testsuite>